[debug] [2022-02-04T16:41:44.348Z] ----------------------------------------------------------------------
[debug] [2022-02-04T16:41:44.350Z] Command:       C:\Program Files\nodejs\node.exe C:\Users\Bartek\AppData\Roaming\npm\node_modules\firebase-tools\lib\bin\firebase.js init
[debug] [2022-02-04T16:41:44.350Z] CLI Version:   10.1.4
[debug] [2022-02-04T16:41:44.350Z] Platform:      win32
[debug] [2022-02-04T16:41:44.350Z] Node Version:  v14.18.2
[debug] [2022-02-04T16:41:44.351Z] Time:          Fri Feb 04 2022 17:41:44 GMT+0100 (czas środkowoeuropejski standardowy)
[debug] [2022-02-04T16:41:44.351Z] ----------------------------------------------------------------------
[debug] 
[debug] [2022-02-04T16:41:44.403Z] > command requires scopes: ["email","openid","https://www.googleapis.com/auth/cloudplatformprojects.readonly","https://www.googleapis.com/auth/firebase","https://www.googleapis.com/auth/cloud-platform"]
[debug] [2022-02-04T16:41:44.404Z] > authorizing via signed-in user (bartlomiej.proczkowski@gmail.com)
[info] 
     ######## #### ########  ######## ########     ###     ######  ########
     ##        ##  ##     ## ##       ##     ##  ##   ##  ##       ##
     ######    ##  ########  ######   ########  #########  ######  ######
     ##        ##  ##    ##  ##       ##     ## ##     ##       ## ##
     ##       #### ##     ## ######## ########  ##     ##  ######  ########

You're about to initialize a Firebase project in this directory:

  H:\Programming_PROJECTS\React_Projects\pf-dojo-manage-react-fb

Before we get started, keep in mind:

  * You are initializing within an existing Firebase project directory

